timestamp: 2015-11-25T20:46:39.052931
CREATE TABLE auth_user(
    id INTEGER PRIMARY KEY AUTOINCREMENT,
    first_name CHAR(128),
    last_name CHAR(128),
    email CHAR(512),
    password CHAR(512),
    registration_key CHAR(512),
    reset_password_key CHAR(512),
    registration_id CHAR(512)
);
success!
timestamp: 2015-11-25T20:46:39.054369
CREATE TABLE auth_group(
    id INTEGER PRIMARY KEY AUTOINCREMENT,
    role CHAR(512),
    description TEXT
);
success!
timestamp: 2015-11-25T20:46:39.055911
CREATE TABLE auth_membership(
    id INTEGER PRIMARY KEY AUTOINCREMENT,
    user_id INTEGER REFERENCES auth_user (id) ON DELETE CASCADE  ,
    group_id INTEGER REFERENCES auth_group (id) ON DELETE CASCADE  
);
success!
timestamp: 2015-11-25T20:46:39.057820
CREATE TABLE auth_permission(
    id INTEGER PRIMARY KEY AUTOINCREMENT,
    group_id INTEGER REFERENCES auth_group (id) ON DELETE CASCADE  ,
    name CHAR(512),
    table_name CHAR(512),
    record_id INTEGER
);
success!
timestamp: 2015-11-25T20:46:39.060871
CREATE TABLE auth_event(
    id INTEGER PRIMARY KEY AUTOINCREMENT,
    time_stamp TIMESTAMP,
    client_ip CHAR(512),
    user_id INTEGER REFERENCES auth_user (id) ON DELETE CASCADE  ,
    origin CHAR(512),
    description TEXT
);
success!
timestamp: 2015-11-25T20:46:39.062690
CREATE TABLE auth_cas(
    id INTEGER PRIMARY KEY AUTOINCREMENT,
    user_id INTEGER REFERENCES auth_user (id) ON DELETE CASCADE  ,
    created_on TIMESTAMP,
    service CHAR(512),
    ticket CHAR(512),
    renew CHAR(1)
);
success!
timestamp: 2015-11-25T20:46:39.066835
CREATE TABLE boards(
    id INTEGER PRIMARY KEY AUTOINCREMENT,
    board_name CHAR(25),
    active_draft_name CHAR(25),
    board_description CHAR(130),
    active_draft_description CHAR(130),
    board_author INTEGER REFERENCES auth_user (id) ON DELETE CASCADE  ,
    board_last_updated CHAR(512),
    board_pretty_updated CHAR(512),
    board_id CHAR(512),
    is_draft CHAR(1)
);
success!
timestamp: 2015-11-25T20:46:39.068991
CREATE TABLE posts(
    id INTEGER PRIMARY KEY AUTOINCREMENT,
    post_author INTEGER REFERENCES auth_user (id) ON DELETE CASCADE  ,
    post_title CHAR(40),
    active_draft_title CHAR(40),
    post_content TEXT,
    active_draft_content CHAR(512),
    posting_time CHAR(512),
    posting_time_pretty CHAR(512),
    board_id INTEGER REFERENCES boards (id) ON DELETE CASCADE  ,
    post_id CHAR(512),
    is_draft CHAR(1)
);
success!
